Using pre-set license
Built from '2020.2/release' branch; Version is '2020.2.4f1 (becced5a802b) revision 12504301'; Using compiler version '192528614'; Build Type 'Release'
OS: 'Windows 10 Pro; OS build 19041.804; Version 2004; 64bit' Language: 'en' Physical Memory: 16332 MB
BatchMode: 1, IsHumanControllingUs: 0, StartBugReporterOnCrash: 0, Is64bit: 1, IsPro: 0

 COMMAND LINE ARGUMENTS:
D:\UnityHub\2020.2.4f1\Editor\Unity.exe
-adb2
-batchMode
-noUpm
-name
AssetImportWorker0
-projectPath
D:/Alpha_3D_Network/ProjectAlpha_3D_Networked
-logFile
Logs/AssetImportWorker0.log
-srvPort
50599
Successfully changed project path to: D:/Alpha_3D_Network/ProjectAlpha_3D_Networked
D:/Alpha_3D_Network/ProjectAlpha_3D_Networked
Using Asset Import Pipeline V2.
Refreshing native plugins compatible for Editor in 26.20 ms, found 0 plugins.
Preloading 0 native plugins for Editor in 0.00 ms.
Initialize engine version: 2020.2.4f1 (becced5a802b)
[Subsystems] Discovering subsystems at path D:/UnityHub/2020.2.4f1/Editor/Data/Resources/UnitySubsystems
[Subsystems] Discovering subsystems at path D:/Alpha_3D_Network/ProjectAlpha_3D_Networked/Assets
GfxDevice: creating device client; threaded=0
Direct3D:
    Version:  Direct3D 11.0 [level 11.1]
    Renderer: NVIDIA GeForce GTX 1660 SUPER (ID=0x21c4)
    Vendor:   
    VRAM:     5991 MB
    Driver:   27.21.14.6089
Initialize mono
Mono path[0] = 'D:/UnityHub/2020.2.4f1/Editor/Data/Managed'
Mono path[1] = 'D:/UnityHub/2020.2.4f1/Editor/Data/MonoBleedingEdge/lib/mono/unityjit'
Mono config path = 'D:/UnityHub/2020.2.4f1/Editor/Data/MonoBleedingEdge/etc'
Using monoOptions --debugger-agent=transport=dt_socket,embedding=1,server=y,suspend=n,address=127.0.0.1:56524
Begin MonoManager ReloadAssembly
Registering precompiled unity dll's ...
Register platform support module: D:/UnityHub/2020.2.4f1/Editor/Data/PlaybackEngines/WindowsStandaloneSupport/UnityEditor.WindowsStandalone.Extensions.dll
Registered in 0.003322 seconds.
Native extension for WindowsStandalone target not found
Refreshing native plugins compatible for Editor in 23.84 ms, found 0 plugins.
Preloading 0 native plugins for Editor in 0.00 ms.
Invoked RoslynAnalysisRunner static constructor.
RoslynAnalysisRunner will not be running.
RoslynAnalysisRunner has terminated.
Mono: successfully reloaded assembly
- Completed reload, in  0.921 seconds
Platform modules already initialized, skipping
Registering precompiled user dll's ...
Registered in 0.005005 seconds.
Begin MonoManager ReloadAssembly
Native extension for WindowsStandalone target not found
Refreshing native plugins compatible for Editor in 0.28 ms, found 0 plugins.
Preloading 0 native plugins for Editor in 0.00 ms.
Invoked RoslynAnalysisRunner static constructor.
RoslynAnalysisRunner will not be running.
RoslynAnalysisRunner has terminated.
Find all reader and writers took 71 milliseconds
Script Module: UnityEngine.UI.dll
Weave behaviours and messages took51 milliseconds
Find all reader and writers took 54 milliseconds
Script Module: UnityEngine.TestRunner.dll
Weave behaviours and messages took17 milliseconds
Find all reader and writers took 52 milliseconds
Script Module: SimpleWebTransport.dll
Weave behaviours and messages took4 milliseconds
Find all reader and writers took 53 milliseconds
Script Module: Unity.Timeline.dll
Weave behaviours and messages took21 milliseconds
Find all reader and writers took 52 milliseconds
Script Module: Assembly-CSharp.dll
[ChatBehaviour] NetworkBehaviourProcessor
Weave behaviours and messages took4 milliseconds
  ProcessSitesModule Assembly-CSharp.dll elapsed time:00:00:00.0060009
Find all reader and writers took 58 milliseconds
Script Module: Mirror.Examples.dll
[Projectile] NetworkBehaviourProcessor
[Tank] NetworkBehaviourProcessor
[NetworkRoomPlayer] NetworkBehaviourProcessor
[NetworkRoomPlayerExt] NetworkBehaviourProcessor
[PlayerController] NetworkBehaviourProcessor
[PlayerScore] NetworkBehaviourProcessor
[RandomColor] NetworkBehaviourProcessor
[Reward] NetworkBehaviourProcessor
[AddForce] NetworkBehaviourProcessor
[Ball] NetworkBehaviourProcessor
[Player] NetworkBehaviourProcessor
[MatchController] NetworkBehaviourProcessor
[PhysicsCollision] NetworkBehaviourProcessor
[PlayerController] NetworkBehaviourProcessor
[PlayerScore] NetworkBehaviourProcessor
[RandomColor] NetworkBehaviourProcessor
[Reward] NetworkBehaviourProcessor
[Player] NetworkBehaviourProcessor
[MonsterMovement] NetworkBehaviourProcessor
[PlayerMovement] NetworkBehaviourProcessor
[Player] NetworkBehaviourProcessor
[PlayerController] NetworkBehaviourProcessor
[RandomColor] NetworkBehaviourProcessor
[ShootingTankBehaviour] NetworkBehaviourProcessor
Weave behaviours and messages took15 milliseconds
  ProcessSitesModule Mirror.Examples.dll elapsed time:00:00:00.0010006
Find all reader and writers took 49 milliseconds
Script Module: Mirror.Components.dll
[NetworkAnimator] NetworkBehaviourProcessor
[NetworkRoomPlayer] NetworkBehaviourProcessor
[NetworkLobbyPlayer] NetworkBehaviourProcessor
[NetworkVisibility] NetworkBehaviourProcessor
[NetworkVisibility] Found NetworkBehaviour Mirror.NetworkVisibility
[NetworkVisibility] Process Start
[NetworkVisibility]   GenerateSerialization
[NetworkVisibility]   GenerateDeSerialization
[NetworkVisibility] Process Done
[NetworkMatchChecker] NetworkBehaviourProcessor
[NetworkVisibility] NetworkBehaviourProcessor
[NetworkOwnerChecker] NetworkBehaviourProcessor
[NetworkVisibility] NetworkBehaviourProcessor
[NetworkProximityChecker] NetworkBehaviourProcessor
[NetworkRoomPlayer] NetworkBehaviourProcessor
[NetworkVisibility] NetworkBehaviourProcessor
[NetworkSceneChecker] NetworkBehaviourProcessor
[NetworkTransformBase] NetworkBehaviourProcessor
[NetworkTransform] NetworkBehaviourProcessor
[NetworkTransformBase] NetworkBehaviourProcessor
[NetworkTransformBase] NetworkBehaviourProcessor
[NetworkTransformChild] NetworkBehaviourProcessor
[NetworkLerpRigidbody] NetworkBehaviourProcessor
[NetworkRigidbody] NetworkBehaviourProcessor
[NetworkRigidbody2D] NetworkBehaviourProcessor
[NetworkTransformBase] NetworkBehaviourProcessor
[NetworkTransform] NetworkBehaviourProcessor
[NetworkTransformBase] NetworkBehaviourProcessor
[NetworkTransformBase] NetworkBehaviourProcessor
[NetworkTransformChild] NetworkBehaviourProcessor
Weave behaviours and messages took19 milliseconds
  ProcessSitesModule Mirror.Components.dll elapsed time:00:00:00.0010007
Find all reader and writers took 52 milliseconds
Script Module: Mirror.Tests.Common.dll
Weave behaviours and messages took0 milliseconds
Find all reader and writers took 64 milliseconds
Script Module: Unity.TextMeshPro.dll
Weave behaviours and messages took55 milliseconds
Find all reader and writers took 50 milliseconds
Script Module: Mirror.Tests.Runtime.dll
Weave behaviours and messages took7 milliseconds
Find all reader and writers took 46 milliseconds
Script Module: Telepathy.dll
Weave behaviours and messages took1 milliseconds
Find all reader and writers took 53 milliseconds
Script Module: Mirror.Authenticators.dll
Weave behaviours and messages took3 milliseconds
  ProcessSitesModule Mirror.Authenticators.dll elapsed time:00:00:00
Find all reader and writers took 48 milliseconds
Script Module: kcp2k.dll
Weave behaviours and messages took3 milliseconds
Find all reader and writers took 52 milliseconds
Script Module: Mirror.Examples.Cloud.GUI.dll
Weave behaviours and messages took2 milliseconds
Find all reader and writers took 52 milliseconds
Script Module: Mirror.Cloud.dll
Weave behaviours and messages took1 milliseconds
Find all reader and writers took 51 milliseconds
Script Module: Mirror.Examples.Cloud.Pong.dll
[Ball] NetworkBehaviourProcessor
[BallManager] NetworkBehaviourProcessor
[Player] NetworkBehaviourProcessor
Weave behaviours and messages took4 milliseconds
  ProcessSitesModule Mirror.Examples.Cloud.Pong.dll elapsed time:00:00:00
Find all reader and writers took 48 milliseconds
Script Module: Mirror.Tests.Performance.Runtime.dll
Weave behaviours and messages took0 milliseconds
Find all reader and writers took 73 milliseconds
Script Module: UnityEditor.TestRunner.dll
Weave behaviours and messages took29 milliseconds
Find all reader and writers took 69 milliseconds
Script Module: UnityEditor.UI.dll
Weave behaviours and messages took8 milliseconds
Find all reader and writers took 69 milliseconds
Script Module: Mirror.Tests.dll
[EmptyBehaviour] NetworkBehaviourProcessor
[SyncVarGameObjectEqualExposedBehaviour] NetworkBehaviourProcessor
[SyncVarNetworkIdentityEqualExposedBehaviour] NetworkBehaviourProcessor
[NetworkBehaviourSendCommandInternalComponent] NetworkBehaviourProcessor
[NetworkBehaviourSendRPCInternalComponent] NetworkBehaviourProcessor
[NetworkBehaviourSendTargetRPCInternalComponent] NetworkBehaviourProcessor
[NetworkBehaviourDelegateComponent] NetworkBehaviourProcessor
[NetworkBehaviourSetSyncVarGameObjectComponent] NetworkBehaviourProcessor
[NetworkBehaviourGetSyncVarGameObjectComponent] NetworkBehaviourProcessor
[NetworkBehaviourSetSyncVarNetworkIdentityComponent] NetworkBehaviourProcessor
[NetworkBehaviourGetSyncVarNetworkIdentityComponent] NetworkBehaviourProcessor
[NetworkBehaviourInitSyncObjectExposed] NetworkBehaviourProcessor
[OnStopClientComponent] NetworkBehaviourProcessor
[OnStartClientComponent] NetworkBehaviourProcessor
[OnStartLocalPlayerComponent] NetworkBehaviourProcessor
[NetworkBehaviourHookGuardTester] NetworkBehaviourProcessor
[NetworkBehaviourInitSyncObjectTester] NetworkBehaviourProcessor
[CommandTestNetworkBehaviour] NetworkBehaviourProcessor
[RpcTestNetworkBehaviour] NetworkBehaviourProcessor
[OnStartClientTestNetworkBehaviour] NetworkBehaviourProcessor
[OnStopClientTestNetworkBehaviour] NetworkBehaviourProcessor
[TestObjectBehaviour] NetworkBehaviourProcessor
[TestPlayerBehaviour] NetworkBehaviourProcessor
[HookBehaviour] NetworkBehaviourProcessor
[GameObjectHookBehaviour] NetworkBehaviourProcessor
[NetworkIdentityHookBehaviour] NetworkBehaviourProcessor
[NetworkBehaviourHookBehaviour] NetworkBehaviourProcessor
[StaticHookBehaviour] NetworkBehaviourProcessor
[VirtualHookBase] NetworkBehaviourProcessor
[VirtualHookBase] NetworkBehaviourProcessor
[VirtualOverrideHook] NetworkBehaviourProcessor
[AbstractHookBase] NetworkBehaviourProcessor
[AbstractHookBase] NetworkBehaviourProcessor
[AbstractHook] NetworkBehaviourProcessor
[MockPlayer] NetworkBehaviourProcessor
[SyncVarGameObject] NetworkBehaviourProcessor
[SyncVarNetworkIdentity] NetworkBehaviourProcessor
[SyncVarTransform] NetworkBehaviourProcessor
[SyncVarNetworkBehaviour] NetworkBehaviourProcessor
[AbstractBehaviour] NetworkBehaviourProcessor
[BehaviourWithSyncVar] NetworkBehaviourProcessor
[AbstractBehaviour] NetworkBehaviourProcessor
[OverrideBehaviourFromSyncVar] NetworkBehaviourProcessor
[AbstractBehaviour] NetworkBehaviourProcessor
[OverrideBehaviourWithSyncVarFromSyncVar] NetworkBehaviourProcessor
[AbstractBehaviour] NetworkBehaviourProcessor
[MiddleClass] NetworkBehaviourProcessor
[AbstractBehaviour] NetworkBehaviourProcessor
[MiddleClass] NetworkBehaviourProcessor
[SubClass] NetworkBehaviourProcessor
[AbstractBehaviour] NetworkBehaviourProcessor
[MiddleClassWithSyncVar] NetworkBehaviourProcessor
[AbstractBehaviour] NetworkBehaviourProcessor
[MiddleClassWithSyncVar] NetworkBehaviourProcessor
[SubClassFromSyncVar] NetworkBehaviourProcessor
[BehaviourWithSyncVarWithOnSerialize] NetworkBehaviourProcessor
[AbstractBehaviour] NetworkBehaviourProcessor
[OverrideBehaviourFromSyncVarWithOnSerialize] NetworkBehaviourProcessor
[AbstractBehaviour] NetworkBehaviourProcessor
[OverrideBehaviourWithSyncVarFromSyncVarWithOnSerialize] NetworkBehaviourProcessor
[AttributeBehaviour_NetworkBehaviour] NetworkBehaviourProcessor
[DataSenderBehaviour] NetworkBehaviourProcessor
[PayloadTestBehaviour] NetworkBehaviourProcessor
[BehaviourWithEvents] NetworkBehaviourProcessor
[VirtualClientRpc] NetworkBehaviourProcessor
[VirtualClientRpc] NetworkBehaviourProcessor
[VirtualNoOverrideClientRpc] NetworkBehaviourProcessor
[VirtualClientRpc] NetworkBehaviourProcessor
[VirtualOverrideClientRpc] NetworkBehaviourProcessor
[VirtualClientRpc] NetworkBehaviourProcessor
[VirtualOverrideClientRpcWithBase] NetworkBehaviourProcessor
[ClientRpcBehaviour] NetworkBehaviourProcessor
[ExcludeOwnerBehaviour] NetworkBehaviourProcessor
[VirtualCommand] NetworkBehaviourProcessor
[VirtualCommand] NetworkBehaviourProcessor
[VirtualNoOverrideCommand] NetworkBehaviourProcessor
[VirtualCommand] NetworkBehaviourProcessor
[VirtualOverrideCommand] NetworkBehaviourProcessor
[VirtualCommand] NetworkBehaviourProcessor
[VirtualOverrideCommandWithBase] NetworkBehaviourProcessor
[VirtualCommand] NetworkBehaviourProcessor
[VirtualOverrideCommandWithBase] NetworkBehaviourProcessor
[VirtualOverrideCommandWithBase2] NetworkBehaviourProcessor
[AuthorityBehaviour] NetworkBehaviourProcessor
[IgnoreAuthorityBehaviour] NetworkBehaviourProcessor
[SenderConnectionBehaviour] NetworkBehaviourProcessor
[SenderConnectionIgnoreAuthorityBehaviour] NetworkBehaviourProcessor
[ThrowBehaviour] NetworkBehaviourProcessor
[RpcNetworkIdentityBehaviour] NetworkBehaviourProcessor
[VirtualTargetRpc] NetworkBehaviourProcessor
[VirtualTargetRpc] NetworkBehaviourProcessor
[VirtualNoOverrideTargetRpc] NetworkBehaviourProcessor
[VirtualTargetRpc] NetworkBehaviourProcessor
[VirtualOverrideTargetRpc] NetworkBehaviourProcessor
[VirtualTargetRpc] NetworkBehaviourProcessor
[VirtualOverrideTargetRpcWithBase] NetworkBehaviourProcessor
[TargetRpcBehaviour] NetworkBehaviourProcessor
Weave behaviours and messages took77 milliseconds
  ProcessSitesModule Mirror.Tests.dll elapsed time:00:00:00.0040006
Find all reader and writers took 50 milliseconds
Script Module: WeaverTestExtraAssembly.dll
Weave behaviours and messages took2 milliseconds
  ProcessSitesModule WeaverTestExtraAssembly.dll elapsed time:00:00:00
Find all reader and writers took 56 milliseconds
Script Module: Mirror.CompilerSymbols.dll
Weave behaviours and messages took0 milliseconds
Mono: successfully reloaded assembly
- Completed reload, in  4.586 seconds
Platform modules already initialized, skipping
========================================================================
Worker process is ready to serve import requests
Launched and connected shader compiler UnityShaderCompiler.exe after 0.03 seconds
Refreshing native plugins compatible for Editor in 0.30 ms, found 0 plugins.
Preloading 0 native plugins for Editor in 0.00 ms.
Unloading 1482 Unused Serialized files (Serialized files now loaded: 0)
System memory in use before: 67.6 MB.
System memory in use after: 67.7 MB.

Unloading 18 unused Assets to reduce memory usage. Loaded Objects now: 1916.
Total: 2.385800 ms (FindLiveObjects: 0.283700 ms CreateObjectMapping: 0.037900 ms MarkObjects: 1.995600 ms  DeleteObjects: 0.066600 ms)

========================================================================
Received Import Request.
  path: Assets/VoidTool
  artifactKey: Guid(421e3efae945c2d4bbe5f7585552aa17) Importer(815301076,1909f56bfc062723c751e8b465ee728b)
Start importing Assets/VoidTool using Guid(421e3efae945c2d4bbe5f7585552aa17) Importer(815301076,1909f56bfc062723c751e8b465ee728b)  -> (artifact id: '7c4435b8f8634fff5420f950f71c3f8c') in 0.006872 seconds
  Import took 0.008806 seconds .

========================================================================
Received Import Request.
  Time since last request: 6.696509 seconds.
  path: Assets/VisualTaskList
  artifactKey: Guid(421e3efae945c2d4bbe5f7585552aa17) Importer(815301076,1909f56bfc062723c751e8b465ee728b)
Start importing Assets/VisualTaskList using Guid(421e3efae945c2d4bbe5f7585552aa17) Importer(815301076,1909f56bfc062723c751e8b465ee728b)  -> (artifact id: 'e619ff544c27844746288608a11b89f8') in 0.005370 seconds
  Import took 0.007462 seconds .

========================================================================
Received Prepare
Registering precompiled user dll's ...
Registered in 0.004246 seconds.
Begin MonoManager ReloadAssembly
Native extension for WindowsStandalone target not found
Refreshing native plugins compatible for Editor in 0.29 ms, found 0 plugins.
Preloading 0 native plugins for Editor in 0.00 ms.
Invoked RoslynAnalysisRunner static constructor.
RoslynAnalysisRunner will not be running.
RoslynAnalysisRunner has terminated.
Mono: successfully reloaded assembly
- Completed reload, in  0.857 seconds
Platform modules already initialized, skipping
Refreshing native plugins compatible for Editor in 0.28 ms, found 0 plugins.
Preloading 0 native plugins for Editor in 0.00 ms.
Unloading 1477 Unused Serialized files (Serialized files now loaded: 0)
System memory in use before: 67.6 MB.
System memory in use after: 67.7 MB.

Unloading 13 unused Assets to reduce memory usage. Loaded Objects now: 1918.
Total: 1.494300 ms (FindLiveObjects: 0.161000 ms CreateObjectMapping: 0.037300 ms MarkObjects: 1.245700 ms  DeleteObjects: 0.049700 ms)

========================================================================
Received Import Request.
  Time since last request: 3.810678 seconds.
  path: Assets/VisualTaskList/Editor
  artifactKey: Guid(7975eac98e2fe724998d4567979d3d4c) Importer(815301076,1909f56bfc062723c751e8b465ee728b)
Start importing Assets/VisualTaskList/Editor using Guid(7975eac98e2fe724998d4567979d3d4c) Importer(815301076,1909f56bfc062723c751e8b465ee728b)  -> (artifact id: '2976ab7b661663a7f24fa10380b87e87') in 0.008948 seconds
  Import took 0.011021 seconds .

========================================================================
Received Import Request.
  Time since last request: 1.158539 seconds.
  path: Assets/VisualTaskList/Editor/VSTaskListViewer
  artifactKey: Guid(ff9610067559a8647bd1f9bb7a5134d6) Importer(815301076,1909f56bfc062723c751e8b465ee728b)
Start importing Assets/VisualTaskList/Editor/VSTaskListViewer using Guid(ff9610067559a8647bd1f9bb7a5134d6) Importer(815301076,1909f56bfc062723c751e8b465ee728b)  -> (artifact id: '28df2521df0167397abd4d945a3fc11d') in 0.005022 seconds
  Import took 0.007030 seconds .

========================================================================
Received Prepare
Registering precompiled user dll's ...
Registered in 0.004206 seconds.
Begin MonoManager ReloadAssembly
Native extension for WindowsStandalone target not found
Refreshing native plugins compatible for Editor in 0.31 ms, found 0 plugins.
Preloading 0 native plugins for Editor in 0.00 ms.
Invoked RoslynAnalysisRunner static constructor.
RoslynAnalysisRunner will not be running.
RoslynAnalysisRunner has terminated.
Mono: successfully reloaded assembly
- Completed reload, in  0.858 seconds
Platform modules already initialized, skipping
Refreshing native plugins compatible for Editor in 0.28 ms, found 0 plugins.
Preloading 0 native plugins for Editor in 0.00 ms.
Unloading 1477 Unused Serialized files (Serialized files now loaded: 0)
System memory in use before: 67.6 MB.
System memory in use after: 67.7 MB.

Unloading 13 unused Assets to reduce memory usage. Loaded Objects now: 1920.
Total: 1.583700 ms (FindLiveObjects: 0.176200 ms CreateObjectMapping: 0.033000 ms MarkObjects: 1.313900 ms  DeleteObjects: 0.059600 ms)

========================================================================
Received Prepare
Registering precompiled user dll's ...
Registered in 0.004277 seconds.
Begin MonoManager ReloadAssembly
Native extension for WindowsStandalone target not found
Refreshing native plugins compatible for Editor in 0.32 ms, found 0 plugins.
Preloading 0 native plugins for Editor in 0.00 ms.
Invoked RoslynAnalysisRunner static constructor.
RoslynAnalysisRunner will not be running.
RoslynAnalysisRunner has terminated.
Mono: successfully reloaded assembly
- Completed reload, in  0.849 seconds
Platform modules already initialized, skipping
Refreshing native plugins compatible for Editor in 0.28 ms, found 0 plugins.
Preloading 0 native plugins for Editor in 0.00 ms.
Unloading 1477 Unused Serialized files (Serialized files now loaded: 0)
System memory in use before: 67.7 MB.
System memory in use after: 67.7 MB.

Unloading 13 unused Assets to reduce memory usage. Loaded Objects now: 1922.
Total: 1.443800 ms (FindLiveObjects: 0.172500 ms CreateObjectMapping: 0.032900 ms MarkObjects: 1.186100 ms  DeleteObjects: 0.051600 ms)

========================================================================
Received Prepare
Registering precompiled user dll's ...
Registered in 0.004337 seconds.
Begin MonoManager ReloadAssembly
Native extension for WindowsStandalone target not found
Refreshing native plugins compatible for Editor in 0.39 ms, found 0 plugins.
Preloading 0 native plugins for Editor in 0.00 ms.
Invoked RoslynAnalysisRunner static constructor.
RoslynAnalysisRunner will not be running.
RoslynAnalysisRunner has terminated.
Mono: successfully reloaded assembly
- Completed reload, in  0.859 seconds
Platform modules already initialized, skipping
Refreshing native plugins compatible for Editor in 0.28 ms, found 0 plugins.
Preloading 0 native plugins for Editor in 0.00 ms.
Unloading 1477 Unused Serialized files (Serialized files now loaded: 0)
System memory in use before: 67.7 MB.
System memory in use after: 67.7 MB.

Unloading 13 unused Assets to reduce memory usage. Loaded Objects now: 1924.
Total: 1.587600 ms (FindLiveObjects: 0.216100 ms CreateObjectMapping: 0.036800 ms MarkObjects: 1.281800 ms  DeleteObjects: 0.052200 ms)

========================================================================
Received Prepare
Registering precompiled user dll's ...
Registered in 0.004336 seconds.
Begin MonoManager ReloadAssembly
Native extension for WindowsStandalone target not found
Refreshing native plugins compatible for Editor in 0.41 ms, found 0 plugins.
Preloading 0 native plugins for Editor in 0.00 ms.
Invoked RoslynAnalysisRunner static constructor.
RoslynAnalysisRunner will not be running.
RoslynAnalysisRunner has terminated.
Mono: successfully reloaded assembly
- Completed reload, in  0.872 seconds
Platform modules already initialized, skipping
Refreshing native plugins compatible for Editor in 0.27 ms, found 0 plugins.
Preloading 0 native plugins for Editor in 0.00 ms.
Unloading 1477 Unused Serialized files (Serialized files now loaded: 0)
System memory in use before: 67.7 MB.
System memory in use after: 67.8 MB.

Unloading 13 unused Assets to reduce memory usage. Loaded Objects now: 1926.
Total: 1.386300 ms (FindLiveObjects: 0.154000 ms CreateObjectMapping: 0.032000 ms MarkObjects: 1.156600 ms  DeleteObjects: 0.043000 ms)

========================================================================
Received Prepare
Registering precompiled user dll's ...
Registered in 0.004271 seconds.
Begin MonoManager ReloadAssembly
Native extension for WindowsStandalone target not found
Refreshing native plugins compatible for Editor in 0.28 ms, found 0 plugins.
Preloading 0 native plugins for Editor in 0.00 ms.
Invoked RoslynAnalysisRunner static constructor.
RoslynAnalysisRunner will not be running.
RoslynAnalysisRunner has terminated.
Mono: successfully reloaded assembly
- Completed reload, in  0.861 seconds
Platform modules already initialized, skipping
Refreshing native plugins compatible for Editor in 0.29 ms, found 0 plugins.
Preloading 0 native plugins for Editor in 0.00 ms.
Unloading 1477 Unused Serialized files (Serialized files now loaded: 0)
System memory in use before: 67.7 MB.
System memory in use after: 67.8 MB.

Unloading 13 unused Assets to reduce memory usage. Loaded Objects now: 1928.
Total: 1.480100 ms (FindLiveObjects: 0.149900 ms CreateObjectMapping: 0.030200 ms MarkObjects: 1.244100 ms  DeleteObjects: 0.055100 ms)

========================================================================
Received Import Request.
  Time since last request: 271.330449 seconds.
  path: Assets/Sprites/ChatBox/TitleBackground.jpg
  artifactKey: Guid(4eab9376e42bcc04ea17dda1d1b119dd) Importer(815301076,1909f56bfc062723c751e8b465ee728b)
Start importing Assets/Sprites/ChatBox/TitleBackground.jpg using Guid(4eab9376e42bcc04ea17dda1d1b119dd) Importer(815301076,1909f56bfc062723c751e8b465ee728b)  -> (artifact id: 'ea6383828d59b581749018d27175a8cc') in 0.081695 seconds
  Import took 0.083879 seconds .

========================================================================
Received Import Request.
  Time since last request: 2.602400 seconds.
  path: Assets/Sprites/ChatBox/Panel.png
  artifactKey: Guid(a2db951272f5e874e98ed3595b00acd8) Importer(815301076,1909f56bfc062723c751e8b465ee728b)
Start importing Assets/Sprites/ChatBox/Panel.png using Guid(a2db951272f5e874e98ed3595b00acd8) Importer(815301076,1909f56bfc062723c751e8b465ee728b)  -> (artifact id: '0eb894e64f7dcc4489fd01c9ae99b231') in 0.014733 seconds
  Import took 0.016867 seconds .

========================================================================
Received Import Request.
  Time since last request: 5.739330 seconds.
  path: Assets/Sprites/ChatBox/Panel_Dialogue 1.png
  artifactKey: Guid(422742e9811423546b5dcc0a3ab12f9d) Importer(815301076,1909f56bfc062723c751e8b465ee728b)
Start importing Assets/Sprites/ChatBox/Panel_Dialogue 1.png using Guid(422742e9811423546b5dcc0a3ab12f9d) Importer(815301076,1909f56bfc062723c751e8b465ee728b)  -> (artifact id: '6b2a5c646787374bebc6b0895c4b36dc') in 0.053818 seconds
  Import took 0.055981 seconds .

========================================================================
Received Import Request.
  Time since last request: 11.395639 seconds.
  path: Assets/Sprites/ChatBox/chat.png
  artifactKey: Guid(39d1414934e3bc4478a936b77523ad9d) Importer(815301076,1909f56bfc062723c751e8b465ee728b)
Start importing Assets/Sprites/ChatBox/chat.png using Guid(39d1414934e3bc4478a936b77523ad9d) Importer(815301076,1909f56bfc062723c751e8b465ee728b)  -> (artifact id: '44b941bf68900bbb3ec55b058c192ac8') in 0.009631 seconds
  Import took 0.011791 seconds .

========================================================================
Received Import Request.
  Time since last request: 4.763437 seconds.
  path: Assets/Sprites/ChatBox/chat 1.png
  artifactKey: Guid(581d84e913e27d943b5a2db2b37cfa4e) Importer(815301076,1909f56bfc062723c751e8b465ee728b)
Start importing Assets/Sprites/ChatBox/chat 1.png using Guid(581d84e913e27d943b5a2db2b37cfa4e) Importer(815301076,1909f56bfc062723c751e8b465ee728b)  -> (artifact id: '6a8d382af92218393aa572fe8dab80fe') in 0.042682 seconds
  Import took 0.044981 seconds .

========================================================================
Received Import Request.
  Time since last request: 16.886201 seconds.
  path: Assets/Sprites/ChatBox/TitleBackground.jpg
  artifactKey: Guid(4eab9376e42bcc04ea17dda1d1b119dd) Importer(815301076,1909f56bfc062723c751e8b465ee728b)
Start importing Assets/Sprites/ChatBox/TitleBackground.jpg using Guid(4eab9376e42bcc04ea17dda1d1b119dd) Importer(815301076,1909f56bfc062723c751e8b465ee728b)  -> (artifact id: '3af7d4af2e9e503cedcb60dcbac0e670') in 0.060621 seconds
  Import took 0.062851 seconds .

========================================================================
Received Import Request.
  Time since last request: 5.389828 seconds.
  path: Assets/Sprites/ChatBox/Panel_Dialogue 1.png
  artifactKey: Guid(422742e9811423546b5dcc0a3ab12f9d) Importer(815301076,1909f56bfc062723c751e8b465ee728b)
Start importing Assets/Sprites/ChatBox/Panel_Dialogue 1.png using Guid(422742e9811423546b5dcc0a3ab12f9d) Importer(815301076,1909f56bfc062723c751e8b465ee728b)  -> (artifact id: 'a198f9c875174b008415296a8ca489d1') in 0.015329 seconds
  Import took 0.017512 seconds .

========================================================================
Received Import Request.
  Time since last request: 0.000812 seconds.
  path: Assets/Sprites/ChatBox/Panel_Dialogue 1.png
  artifactKey: Guid(422742e9811423546b5dcc0a3ab12f9d) Importer(815301076,1909f56bfc062723c751e8b465ee728b)
Start importing Assets/Sprites/ChatBox/Panel_Dialogue 1.png using Guid(422742e9811423546b5dcc0a3ab12f9d) Importer(815301076,1909f56bfc062723c751e8b465ee728b)  -> (artifact id: 'a198f9c875174b008415296a8ca489d1') in 0.010360 seconds
  Import took 0.012327 seconds .

========================================================================
Received Import Request.
  Time since last request: 4.008255 seconds.
  path: Assets/Sprites/ChatBox/chat.png
  artifactKey: Guid(39d1414934e3bc4478a936b77523ad9d) Importer(815301076,1909f56bfc062723c751e8b465ee728b)
Start importing Assets/Sprites/ChatBox/chat.png using Guid(39d1414934e3bc4478a936b77523ad9d) Importer(815301076,1909f56bfc062723c751e8b465ee728b)  -> (artifact id: '1e4582e73c4565e42ff9bacaddcad8b0') in 0.043747 seconds
  Import took 0.045867 seconds .

========================================================================
Received Import Request.
  Time since last request: 30.559727 seconds.
  path: Assets/Sprites
  artifactKey: Guid(46058d498b4b1c744a33eb2c76d913bc) Importer(815301076,1909f56bfc062723c751e8b465ee728b)
Start importing Assets/Sprites using Guid(46058d498b4b1c744a33eb2c76d913bc) Importer(815301076,1909f56bfc062723c751e8b465ee728b)  -> (artifact id: '408f25b2a2d6d51e75f2e799f8266b0b') in 0.005460 seconds
  Import took 0.007837 seconds .

========================================================================
Received Import Request.
  Time since last request: 0.786743 seconds.
  path: Assets/Sprites/ChatBox
  artifactKey: Guid(f1c7741b1badc894d8fffe4652db04fd) Importer(815301076,1909f56bfc062723c751e8b465ee728b)
Start importing Assets/Sprites/ChatBox using Guid(f1c7741b1badc894d8fffe4652db04fd) Importer(815301076,1909f56bfc062723c751e8b465ee728b)  -> (artifact id: '5da64c8a67cbc4d6e72934f930b5bd43') in 0.005329 seconds
  Import took 0.007432 seconds .

========================================================================
Received Prepare
Registering precompiled user dll's ...
Registered in 0.004450 seconds.
Begin MonoManager ReloadAssembly
Native extension for WindowsStandalone target not found
Refreshing native plugins compatible for Editor in 0.29 ms, found 0 plugins.
Preloading 0 native plugins for Editor in 0.00 ms.
Invoked RoslynAnalysisRunner static constructor.
RoslynAnalysisRunner will not be running.
RoslynAnalysisRunner has terminated.
Mono: successfully reloaded assembly
- Completed reload, in  0.854 seconds
Platform modules already initialized, skipping
Refreshing native plugins compatible for Editor in 0.30 ms, found 0 plugins.
Preloading 0 native plugins for Editor in 0.00 ms.
Unloading 1511 Unused Serialized files (Serialized files now loaded: 0)
System memory in use before: 71.9 MB.
System memory in use after: 72.0 MB.

Unloading 13 unused Assets to reduce memory usage. Loaded Objects now: 1978.
Total: 1.597500 ms (FindLiveObjects: 0.187500 ms CreateObjectMapping: 0.037100 ms MarkObjects: 1.315300 ms  DeleteObjects: 0.056500 ms)

========================================================================
Received Import Request.
  Time since last request: 71.586449 seconds.
  path: Assets/Sprites/ChatBox/TitleBackground.jpg
  artifactKey: Guid(4eab9376e42bcc04ea17dda1d1b119dd) Importer(815301076,1909f56bfc062723c751e8b465ee728b)
Start importing Assets/Sprites/ChatBox/TitleBackground.jpg using Guid(4eab9376e42bcc04ea17dda1d1b119dd) Importer(815301076,1909f56bfc062723c751e8b465ee728b)  -> (artifact id: 'fbcfd0da36318d5694c091ee6b5905bf') in 0.045875 seconds
  Import took 0.048304 seconds .

========================================================================
Received Import Request.
  Time since last request: 29.959960 seconds.
  path: Assets/Sprites/ChatBox/TitleBackground.jpg
  artifactKey: Guid(4eab9376e42bcc04ea17dda1d1b119dd) Importer(815301076,1909f56bfc062723c751e8b465ee728b)
Start importing Assets/Sprites/ChatBox/TitleBackground.jpg using Guid(4eab9376e42bcc04ea17dda1d1b119dd) Importer(815301076,1909f56bfc062723c751e8b465ee728b)  -> (artifact id: '93f23d008f8072bc261d7a13ab1b9f18') in 0.043164 seconds
  Import took 0.045328 seconds .

========================================================================
Received Import Request.
  Time since last request: 18.284251 seconds.
  path: Assets/Sprites/ChatBox/TitleBackground.jpg
  artifactKey: Guid(4eab9376e42bcc04ea17dda1d1b119dd) Importer(815301076,1909f56bfc062723c751e8b465ee728b)
Start importing Assets/Sprites/ChatBox/TitleBackground.jpg using Guid(4eab9376e42bcc04ea17dda1d1b119dd) Importer(815301076,1909f56bfc062723c751e8b465ee728b)  -> (artifact id: 'ccedae1f35cf2b4fed09ad46a408dccb') in 0.020272 seconds
  Import took 0.022623 seconds .

========================================================================
Received Import Request.
  Time since last request: 0.000615 seconds.
  path: Assets/Sprites/ChatBox/TitleBackground.jpg
  artifactKey: Guid(4eab9376e42bcc04ea17dda1d1b119dd) Importer(815301076,1909f56bfc062723c751e8b465ee728b)
Start importing Assets/Sprites/ChatBox/TitleBackground.jpg using Guid(4eab9376e42bcc04ea17dda1d1b119dd) Importer(815301076,1909f56bfc062723c751e8b465ee728b)  -> (artifact id: 'ccedae1f35cf2b4fed09ad46a408dccb') in 0.019427 seconds
  Import took 0.021675 seconds .

========================================================================
Received Prepare
Registering precompiled user dll's ...
Registered in 0.004475 seconds.
Begin MonoManager ReloadAssembly
Native extension for WindowsStandalone target not found
Refreshing native plugins compatible for Editor in 0.32 ms, found 0 plugins.
Preloading 0 native plugins for Editor in 0.00 ms.
Invoked RoslynAnalysisRunner static constructor.
RoslynAnalysisRunner will not be running.
RoslynAnalysisRunner has terminated.
Mono: successfully reloaded assembly
- Completed reload, in  0.845 seconds
Platform modules already initialized, skipping
Refreshing native plugins compatible for Editor in 0.30 ms, found 0 plugins.
Preloading 0 native plugins for Editor in 0.00 ms.
Unloading 1511 Unused Serialized files (Serialized files now loaded: 0)
System memory in use before: 71.9 MB.
System memory in use after: 72.0 MB.

Unloading 13 unused Assets to reduce memory usage. Loaded Objects now: 1983.
Total: 1.485600 ms (FindLiveObjects: 0.160100 ms CreateObjectMapping: 0.038000 ms MarkObjects: 1.234800 ms  DeleteObjects: 0.051900 ms)

========================================================================
Received Import Request.
  Time since last request: 135.030384 seconds.
  path: Assets/Player.prefab
  artifactKey: Guid(1472357cb2a1df744a87c46086752042) Importer(815301076,1909f56bfc062723c751e8b465ee728b)
Start importing Assets/Player.prefab using Guid(1472357cb2a1df744a87c46086752042) Importer(815301076,1909f56bfc062723c751e8b465ee728b)  -> (artifact id: 'c36f1532fe2c562c035e6409a7faf3dc') in 0.078581 seconds
  Import took 0.081017 seconds .

========================================================================
Received Import Request.
  Time since last request: 12.245666 seconds.
  path: Assets/Mirror/Mirror/Examples/Cloud/PongWithListServer/Sprites/Ball.png
  artifactKey: Guid(2c19e4cb225706240af7a8fbbf2ebfe2) Importer(815301076,1909f56bfc062723c751e8b465ee728b)
Start importing Assets/Mirror/Mirror/Examples/Cloud/PongWithListServer/Sprites/Ball.png using Guid(2c19e4cb225706240af7a8fbbf2ebfe2) Importer(815301076,1909f56bfc062723c751e8b465ee728b)  -> (artifact id: 'a1d48f4aed31865fcb5a78faf593107d') in 0.070990 seconds
  Import took 0.073183 seconds .

========================================================================
Received Import Request.
  Time since last request: 0.000169 seconds.
  path: Assets/Mirror/Mirror/Examples/Pong/Sprites/Racket.png
  artifactKey: Guid(619ccff3ba2f2a04f9ddd19c264a1ecd) Importer(815301076,1909f56bfc062723c751e8b465ee728b)
Start importing Assets/Mirror/Mirror/Examples/Pong/Sprites/Racket.png using Guid(619ccff3ba2f2a04f9ddd19c264a1ecd) Importer(815301076,1909f56bfc062723c751e8b465ee728b)  -> (artifact id: '13620b203954b6b0704274c67fc0cb11') in 0.032541 seconds
  Import took 0.034760 seconds .

========================================================================
Received Import Request.
  Time since last request: 0.000120 seconds.
  path: Assets/Mirror/Mirror/Examples/Pong/Sprites/DottedLine.png
  artifactKey: Guid(1b5c0b514d8b2d24091d5aec516fe860) Importer(815301076,1909f56bfc062723c751e8b465ee728b)
Start importing Assets/Mirror/Mirror/Examples/Pong/Sprites/DottedLine.png using Guid(1b5c0b514d8b2d24091d5aec516fe860) Importer(815301076,1909f56bfc062723c751e8b465ee728b)  -> (artifact id: '88f6b3581b5ed23e5dc7b70230973929') in 0.036505 seconds
  Import took 0.038736 seconds .

========================================================================
Received Import Request.
  Time since last request: 0.000140 seconds.
  path: Assets/Mirror/Mirror/Examples/Pong/Sprites/Racket.png
  artifactKey: Guid(619ccff3ba2f2a04f9ddd19c264a1ecd) Importer(815301076,1909f56bfc062723c751e8b465ee728b)
Start importing Assets/Mirror/Mirror/Examples/Pong/Sprites/Racket.png using Guid(619ccff3ba2f2a04f9ddd19c264a1ecd) Importer(815301076,1909f56bfc062723c751e8b465ee728b)  -> (artifact id: '13620b203954b6b0704274c67fc0cb11') in 0.004960 seconds
  Import took 0.007290 seconds .

========================================================================
Received Import Request.
  Time since last request: 0.000154 seconds.
  path: Assets/Mirror/Mirror/Examples/Cloud/PongWithListServer/Sprites/Racket.png
  artifactKey: Guid(bdb0ccb2f147a3d47abe396bd18c5dbe) Importer(815301076,1909f56bfc062723c751e8b465ee728b)
Start importing Assets/Mirror/Mirror/Examples/Cloud/PongWithListServer/Sprites/Racket.png using Guid(bdb0ccb2f147a3d47abe396bd18c5dbe) Importer(815301076,1909f56bfc062723c751e8b465ee728b)  -> (artifact id: '57b42a55a55b9b6849899e53e71decb0') in 0.005140 seconds
  Import took 0.007053 seconds .

========================================================================
Received Import Request.
  Time since last request: 0.000159 seconds.
  path: Assets/Mirror/Mirror/Examples/Pong/Sprites/WallVertical.png
  artifactKey: Guid(0f2833a292a197d4fb0385a8efa1dc91) Importer(815301076,1909f56bfc062723c751e8b465ee728b)
Start importing Assets/Mirror/Mirror/Examples/Pong/Sprites/WallVertical.png using Guid(0f2833a292a197d4fb0385a8efa1dc91) Importer(815301076,1909f56bfc062723c751e8b465ee728b)  -> (artifact id: 'fde1393f6c0f6e11c39a19b98ebda05d') in 0.025472 seconds
  Import took 0.027814 seconds .

========================================================================
Received Import Request.
  Time since last request: 0.000138 seconds.
  path: Assets/Mirror/Mirror/Examples/Pong/Sprites/Ball.png
  artifactKey: Guid(4b66f21097323d44ab40669b2fb9c53d) Importer(815301076,1909f56bfc062723c751e8b465ee728b)
Start importing Assets/Mirror/Mirror/Examples/Pong/Sprites/Ball.png using Guid(4b66f21097323d44ab40669b2fb9c53d) Importer(815301076,1909f56bfc062723c751e8b465ee728b)  -> (artifact id: '2e0350285919e1b0e71279a0e4351875') in 0.005845 seconds
  Import took 0.007668 seconds .

========================================================================
Received Import Request.
  Time since last request: 0.000151 seconds.
  path: Assets/Mirror/Mirror/Examples/Cloud/PongWithListServer/Sprites/WallHorizontal.png
  artifactKey: Guid(0e02a5d1b4172d444aa04f1082aed12b) Importer(815301076,1909f56bfc062723c751e8b465ee728b)
Start importing Assets/Mirror/Mirror/Examples/Cloud/PongWithListServer/Sprites/WallHorizontal.png using Guid(0e02a5d1b4172d444aa04f1082aed12b) Importer(815301076,1909f56bfc062723c751e8b465ee728b)  -> (artifact id: 'ee8bd240063906b8d69b2d782102c9a7') in 0.021729 seconds
  Import took 0.023689 seconds .

========================================================================
Received Import Request.
  Time since last request: 0.000156 seconds.
  path: Assets/Mirror/Mirror/Examples/Pong/Sprites/WallHorizontal.png
  artifactKey: Guid(b931587800e08c54aa8dbbd6c15c894f) Importer(815301076,1909f56bfc062723c751e8b465ee728b)
Start importing Assets/Mirror/Mirror/Examples/Pong/Sprites/WallHorizontal.png using Guid(b931587800e08c54aa8dbbd6c15c894f) Importer(815301076,1909f56bfc062723c751e8b465ee728b)  -> (artifact id: '3dac2a117bfa3f9f67bf65c107847afb') in 0.005795 seconds
  Import took 0.007684 seconds .

========================================================================
Received Import Request.
  Time since last request: 0.000150 seconds.
  path: Assets/Mirror/Mirror/Examples/Cloud/PongWithListServer/Sprites/DottedLine.png
  artifactKey: Guid(4ca12bae2c4cf2b419098a2a2026123e) Importer(815301076,1909f56bfc062723c751e8b465ee728b)
Start importing Assets/Mirror/Mirror/Examples/Cloud/PongWithListServer/Sprites/DottedLine.png using Guid(4ca12bae2c4cf2b419098a2a2026123e) Importer(815301076,1909f56bfc062723c751e8b465ee728b)  -> (artifact id: '4fcccb14bd8204d965baff574e36f6f0') in 0.007738 seconds
  Import took 0.009653 seconds .

========================================================================
Received Import Request.
  Time since last request: 0.000147 seconds.
  path: Assets/Mirror/Mirror/Examples/Pong/Sprites/WallHorizontal.png
  artifactKey: Guid(b931587800e08c54aa8dbbd6c15c894f) Importer(815301076,1909f56bfc062723c751e8b465ee728b)
Start importing Assets/Mirror/Mirror/Examples/Pong/Sprites/WallHorizontal.png using Guid(b931587800e08c54aa8dbbd6c15c894f) Importer(815301076,1909f56bfc062723c751e8b465ee728b)  -> (artifact id: '3dac2a117bfa3f9f67bf65c107847afb') in 0.006124 seconds
  Import took 0.008279 seconds .

========================================================================
Received Import Request.
  Time since last request: 0.000149 seconds.
  path: Assets/Mirror/Mirror/Examples/Cloud/PongWithListServer/Sprites/WallVertical.png
  artifactKey: Guid(f43241f798f4cf944be80d465435c252) Importer(815301076,1909f56bfc062723c751e8b465ee728b)
Start importing Assets/Mirror/Mirror/Examples/Cloud/PongWithListServer/Sprites/WallVertical.png using Guid(f43241f798f4cf944be80d465435c252) Importer(815301076,1909f56bfc062723c751e8b465ee728b)  -> (artifact id: 'a15325e7c1b2d6552ebd5280bf731a4e') in 0.005237 seconds
  Import took 0.007198 seconds .

========================================================================
Received Prepare
Registering precompiled user dll's ...
Registered in 0.004358 seconds.
Begin MonoManager ReloadAssembly
Native extension for WindowsStandalone target not found
Refreshing native plugins compatible for Editor in 0.30 ms, found 0 plugins.
Preloading 0 native plugins for Editor in 0.00 ms.
Invoked RoslynAnalysisRunner static constructor.
RoslynAnalysisRunner will not be running.
RoslynAnalysisRunner has terminated.
Mono: successfully reloaded assembly
- Completed reload, in  0.829 seconds
Platform modules already initialized, skipping
Refreshing native plugins compatible for Editor in 0.26 ms, found 0 plugins.
Preloading 0 native plugins for Editor in 0.00 ms.
Unloading 1511 Unused Serialized files (Serialized files now loaded: 0)
System memory in use before: 72.1 MB.
System memory in use after: 72.2 MB.

Unloading 17 unused Assets to reduce memory usage. Loaded Objects now: 2002.
Total: 1.616500 ms (FindLiveObjects: 0.154200 ms CreateObjectMapping: 0.037300 ms MarkObjects: 1.365200 ms  DeleteObjects: 0.059000 ms)

========================================================================
Received Import Request.
  Time since last request: 21.805801 seconds.
  path: Assets/Sprites/ChatBox/chat.png
  artifactKey: Guid(39d1414934e3bc4478a936b77523ad9d) Importer(815301076,1909f56bfc062723c751e8b465ee728b)
Start importing Assets/Sprites/ChatBox/chat.png using Guid(39d1414934e3bc4478a936b77523ad9d) Importer(815301076,1909f56bfc062723c751e8b465ee728b)  -> (artifact id: '12049df320226fff32bd8d9aa6aae623') in 0.027832 seconds
  Import took 0.030033 seconds .

========================================================================
Received Import Request.
  Time since last request: 0.013574 seconds.
  path: Assets/Sprites/ChatBox/chat.png
  artifactKey: Guid(39d1414934e3bc4478a936b77523ad9d) Importer(815301076,1909f56bfc062723c751e8b465ee728b)
Start importing Assets/Sprites/ChatBox/chat.png using Guid(39d1414934e3bc4478a936b77523ad9d) Importer(815301076,1909f56bfc062723c751e8b465ee728b)  -> (artifact id: '12049df320226fff32bd8d9aa6aae623') in 0.008017 seconds
  Import took 0.010013 seconds .

AssetImportWorkerClient::OnTransportError - code=2 error=End of file
